Arguments: 
  /usr/local/bin/node /Users/willb335/.yarn/bin/yarn.js start

PATH: 
  /Users/willb335/.yarn/bin:/Users/willb335/.config/yarn/global/node_modules/.bin:/Users/willb335/bin:/usr/local/bin:/usr/bin:/bin:/usr/sbin:/sbin:/Library/TeX/texbin

Yarn version: 
  1.5.1

Node version: 
  8.6.0

Platform: 
  darwin x64

npm manifest: 
  {
    "name": "chess-frontend-tests",
    "description": "FrontEnd Programming Challenge for Chess.com",
    "license": "MIT",
    "version": "1.0.0"
  }

yarn manifest: 
  No manifest

Lockfile: 
  No lockfile

Trace: 
  Error: Command "start" not found.
      at new MessageError (/Users/willb335/.yarn/lib/cli.js:186:110)
      at /Users/willb335/.yarn/lib/cli.js:87307:17
      at Generator.next (<anonymous>)
      at step (/Users/willb335/.yarn/lib/cli.js:98:30)
      at /Users/willb335/.yarn/lib/cli.js:116:14
      at Promise (<anonymous>)
      at F (/Users/willb335/.yarn/lib/cli.js:23451:28)
      at /Users/willb335/.yarn/lib/cli.js:95:12
      at runCommand (/Users/willb335/.yarn/lib/cli.js:87312:22)
      at Object.<anonymous> (/Users/willb335/.yarn/lib/cli.js:87412:14)
